<?xml version="1.0" encoding="UTF-8"?>
<testng-results ignored="0" total="1" passed="1" failed="0" skipped="0">
  <reporter-output>
  </reporter-output>
  <suite started-at="2024-02-09T23:47:15 IST" name="Default suite" finished-at="2024-02-09T23:49:22 IST" duration-ms="126325">
    <groups>
    </groups>
    <test started-at="2024-02-09T23:47:15 IST" name="Default test" finished-at="2024-02-09T23:49:22 IST" duration-ms="126325">
      <class name="testcases.Menuvalidation_Test">
        <test-method is-config="true" signature="startup()[pri:0, instance:testcases.Menuvalidation_Test@f0c8a99]" started-at="2024-02-09T23:47:16 IST" name="startup" finished-at="2024-02-09T23:47:27 IST" duration-ms="11559" status="PASS">
          <reporter-output>
          </reporter-output>
        </test-method> <!-- startup -->
        <test-method signature="homepagemenus()[pri:0, instance:testcases.Menuvalidation_Test@f0c8a99]" started-at="2024-02-09T23:47:27 IST" name="homepagemenus" finished-at="2024-02-09T23:49:21 IST" duration-ms="113381" status="PASS">
          <reporter-output>
          </reporter-output>
        </test-method> <!-- homepagemenus -->
        <test-method is-config="true" signature="close()[pri:0, instance:testcases.Menuvalidation_Test@f0c8a99]" started-at="2024-02-09T23:49:21 IST" name="close" finished-at="2024-02-09T23:49:22 IST" duration-ms="1227" status="PASS">
          <reporter-output>
          </reporter-output>
        </test-method> <!-- close -->
      </class> <!-- testcases.Menuvalidation_Test -->
    </test> <!-- Default test -->
  </suite> <!-- Default suite -->
</testng-results>
